[2020-06-20 21:20:55,986] fb2cal INFO (<module>) Starting fb2cal v1.0.4 (Production) [https://git.io/fjMwr]
[2020-06-20 21:20:55,986] fb2cal INFO (<module>) This project is released under the GPLv3 license.
[2020-06-20 21:20:55,986] fb2cal INFO (fb2cal) Attemping to parse config file config.ini...
[2020-06-20 21:20:55,986] fb2cal INFO (fb2cal) Config successfully loaded.
[2020-06-20 21:20:55,986] fb2cal INFO (fb2cal) Logging level set to: INFO
[2020-06-20 21:20:55,987] fb2cal INFO (fb2cal) Attemping to authenticate with Facebook...
[2020-06-20 21:21:01,095] fb2cal ERROR (facebook_authenticate) Failed to authenticate with Facebook with email nikhil.pravin@gmail.com. Please check provided email/password.
[2020-06-20 21:29:47,418] fb2cal INFO (<module>) Starting fb2cal v1.0.4 (Production) [https://git.io/fjMwr]
[2020-06-20 21:29:47,418] fb2cal INFO (<module>) This project is released under the GPLv3 license.
[2020-06-20 21:29:47,419] fb2cal INFO (fb2cal) Attemping to parse config file config.ini...
[2020-06-20 21:29:47,419] fb2cal INFO (fb2cal) Config successfully loaded.
[2020-06-20 21:29:47,419] fb2cal INFO (fb2cal) Logging level set to: INFO
[2020-06-20 21:29:47,420] fb2cal INFO (fb2cal) Attemping to authenticate with Facebook...
[2020-06-20 21:29:52,187] fb2cal ERROR (facebook_authenticate) Failed to authenticate with Facebook with email bujireloaded970gmail.com. Please check provided email/password.
[2020-06-20 21:31:57,060] fb2cal INFO (<module>) Starting fb2cal v1.0.4 (Production) [https://git.io/fjMwr]
[2020-06-20 21:31:57,060] fb2cal INFO (<module>) This project is released under the GPLv3 license.
[2020-06-20 21:31:57,060] fb2cal INFO (fb2cal) Attemping to parse config file config.ini...
[2020-06-20 21:31:57,061] fb2cal INFO (fb2cal) Config successfully loaded.
[2020-06-20 21:31:57,061] fb2cal INFO (fb2cal) Logging level set to: INFO
[2020-06-20 21:31:57,061] fb2cal INFO (fb2cal) Attemping to authenticate with Facebook...
[2020-06-20 21:32:00,728] fb2cal ERROR (facebook_authenticate) Failed to authenticate with Facebook with email bujireloaded970gmail.com. Please check provided email/password.
[2020-06-20 21:33:24,516] fb2cal INFO (<module>) Starting fb2cal v1.0.4 (Production) [https://git.io/fjMwr]
[2020-06-20 21:33:24,517] fb2cal INFO (<module>) This project is released under the GPLv3 license.
[2020-06-20 21:33:24,517] fb2cal INFO (fb2cal) Attemping to parse config file config.ini...
[2020-06-20 21:33:24,517] fb2cal INFO (fb2cal) Config successfully loaded.
[2020-06-20 21:33:24,517] fb2cal INFO (fb2cal) Logging level set to: INFO
[2020-06-20 21:33:24,518] fb2cal INFO (fb2cal) Attemping to authenticate with Facebook...
[2020-06-20 21:33:36,465] fb2cal ERROR (facebook_authenticate) Failed to authenticate with Facebook with email bujireloaded970gmail.com. Please check provided email/password.
[2020-06-20 21:34:18,885] fb2cal INFO (<module>) Starting fb2cal v1.0.4 (Production) [https://git.io/fjMwr]
[2020-06-20 21:34:18,886] fb2cal INFO (<module>) This project is released under the GPLv3 license.
[2020-06-20 21:34:18,886] fb2cal INFO (fb2cal) Attemping to parse config file config.ini...
[2020-06-20 21:34:18,886] fb2cal INFO (fb2cal) Config successfully loaded.
[2020-06-20 21:34:18,886] fb2cal INFO (fb2cal) Logging level set to: INFO
[2020-06-20 21:34:18,886] fb2cal INFO (fb2cal) Attemping to authenticate with Facebook...
[2020-06-20 21:34:31,592] fb2cal INFO (fb2cal) Successfully authenticated with Facebook.
[2020-06-20 21:34:31,592] fb2cal INFO (fb2cal) Fetching all Birthdays via async endpoint...
[2020-06-20 21:34:31,596] fb2cal INFO (get_async_birthdays) Processing birthdays for month June.
[2020-06-20 21:35:28,615] fb2cal INFO (get_async_birthdays) Found 0 birthdays for month June.
[2020-06-20 21:35:28,615] fb2cal INFO (get_async_birthdays) Processing birthdays for month July.
[2020-06-20 21:35:28,901] fb2cal INFO (get_async_birthdays) Found 0 birthdays for month July.
[2020-06-20 21:35:28,902] fb2cal INFO (get_async_birthdays) Processing birthdays for month August.
[2020-06-20 21:35:29,173] fb2cal INFO (get_async_birthdays) Found 0 birthdays for month August.
[2020-06-20 21:35:29,174] fb2cal INFO (get_async_birthdays) Processing birthdays for month September.
[2020-06-20 21:35:29,437] fb2cal INFO (get_async_birthdays) Found 0 birthdays for month September.
[2020-06-20 21:35:29,437] fb2cal INFO (get_async_birthdays) Processing birthdays for month October.
[2020-06-20 21:35:29,698] fb2cal INFO (get_async_birthdays) Found 1 birthdays for month October.
[2020-06-20 21:35:29,698] fb2cal INFO (get_async_birthdays) Processing birthdays for month November.
[2020-06-20 21:35:30,000] fb2cal INFO (get_async_birthdays) Found 0 birthdays for month November.
[2020-06-20 21:35:30,000] fb2cal INFO (get_async_birthdays) Processing birthdays for month December.
[2020-06-20 21:35:30,261] fb2cal INFO (get_async_birthdays) Found 0 birthdays for month December.
[2020-06-20 21:35:30,261] fb2cal INFO (get_async_birthdays) Processing birthdays for month January.
[2020-06-20 21:35:30,546] fb2cal INFO (get_async_birthdays) Found 0 birthdays for month January.
[2020-06-20 21:35:30,546] fb2cal INFO (get_async_birthdays) Processing birthdays for month February.
[2020-06-20 21:35:30,825] fb2cal INFO (get_async_birthdays) Found 0 birthdays for month February.
[2020-06-20 21:35:30,826] fb2cal INFO (get_async_birthdays) Processing birthdays for month March.
[2020-06-20 21:35:31,078] fb2cal INFO (get_async_birthdays) Found 0 birthdays for month March.
[2020-06-20 21:35:31,078] fb2cal INFO (get_async_birthdays) Processing birthdays for month April.
[2020-06-20 21:35:31,330] fb2cal INFO (get_async_birthdays) Found 0 birthdays for month April.
[2020-06-20 21:35:31,331] fb2cal INFO (get_async_birthdays) Processing birthdays for month May.
[2020-06-20 21:35:31,605] fb2cal INFO (get_async_birthdays) Found 0 birthdays for month May.
[2020-06-20 21:35:31,606] fb2cal INFO (fb2cal) A total of 1 birthdays were found.
[2020-06-20 21:35:31,606] fb2cal INFO (fb2cal) Creating birthday ICS file...
[2020-06-20 21:35:31,608] fb2cal INFO (fb2cal) ICS file created successfully.
[2020-06-20 21:35:31,609] fb2cal INFO (fb2cal) Saving ICS file to local file system...
[2020-06-20 21:35:31,609] fb2cal INFO (fb2cal) Successfully saved ICS file to /home/nikhil_praveen/Documents/Lambda/chatbot_frnds/fb2cal/src/files/birthdays.ics
[2020-06-20 21:35:31,609] fb2cal INFO (fb2cal) Saving changes to config file...
[2020-06-20 21:35:31,609] fb2cal INFO (fb2cal) Successfully saved changes to config file.
[2020-06-20 21:35:31,609] fb2cal INFO (fb2cal) Done! Terminating gracefully.
